
test.elf: formato do arquivo elf32-littleriscv


Desmontagem da seção .text:

40000000 <_entry>:
40000000:	00001697          	auipc	a3,0x1
40000004:	e0068693          	addi	a3,a3,-512 # 40000e00 <_bss_end>
40000008:	00001617          	auipc	a2,0x1
4000000c:	df860613          	addi	a2,a2,-520 # 40000e00 <_bss_end>
40000010:	00001197          	auipc	gp,0x1
40000014:	5f018193          	addi	gp,gp,1520 # 40001600 <_gp>
40000018:	10000117          	auipc	sp,0x10000
4000001c:	fe410113          	addi	sp,sp,-28 # 4ffffffc <_stack>
40000020:	00001217          	auipc	tp,0x1
40000024:	e1f20213          	addi	tp,tp,-481 # 40000e3f <_bss_end+0x3f>
40000028:	fc027213          	andi	tp,tp,-64

4000002c <BSS_CLEAR>:
4000002c:	0006a023          	sw	zero,0(a3)
40000030:	00468693          	addi	a3,a3,4
40000034:	fec6cce3          	blt	a3,a2,4000002c <BSS_CLEAR>
40000038:	00000d97          	auipc	s11,0x0
4000003c:	0c8d8d93          	addi	s11,s11,200 # 40000100 <_isr>
40000040:	f0000d37          	lui	s10,0xf0000
40000044:	01bd2023          	sw	s11,0(s10) # f0000000 <_stack+0xa0000004>
40000048:	5b4000ef          	jal	ra,400005fc <irq_enable>
4000004c:	2ec000ef          	jal	ra,40000338 <main>
40000050:	e0000d37          	lui	s10,0xe0000
40000054:	00ad2023          	sw	a0,0(s10) # e0000000 <_stack+0x90000004>

40000058 <L1>:
40000058:	00000063          	beq	zero,zero,40000058 <L1>
	...

400000e0 <_bootsignature>:
400000e0:	6bb1                	c.lui	s7,0xc
400000e2:	b500                	c.fsd	fs0,40(a0)
	...

40000100 <_isr>:
40000100:	00000013          	addi	zero,zero,0
40000104:	fbc10113          	addi	sp,sp,-68
40000108:	00112023          	sw	ra,0(sp)
4000010c:	00512223          	sw	t0,4(sp)
40000110:	00612423          	sw	t1,8(sp)
40000114:	00712623          	sw	t2,12(sp)
40000118:	00a12823          	sw	a0,16(sp)
4000011c:	00b12a23          	sw	a1,20(sp)
40000120:	00c12c23          	sw	a2,24(sp)
40000124:	00d12e23          	sw	a3,28(sp)
40000128:	02e12023          	sw	a4,32(sp)
4000012c:	02f12223          	sw	a5,36(sp)
40000130:	03012423          	sw	a6,40(sp)
40000134:	03112623          	sw	a7,44(sp)
40000138:	03c12823          	sw	t3,48(sp)
4000013c:	03d12a23          	sw	t4,52(sp)
40000140:	03e12c23          	sw	t5,56(sp)
40000144:	03f12e23          	sw	t6,60(sp)
40000148:	f0000d37          	lui	s10,0xf0000
4000014c:	040d0d13          	addi	s10,s10,64 # f0000040 <_stack+0xa0000044>
40000150:	000d2d03          	lw	s10,0(s10)
40000154:	ffcd0d13          	addi	s10,s10,-4
40000158:	05a12023          	sw	s10,64(sp)
4000015c:	f00005b7          	lui	a1,0xf0000
40000160:	0105a503          	lw	a0,16(a1) # f0000010 <_stack+0xa0000014>
40000164:	0205a603          	lw	a2,32(a1)
40000168:	00c57533          	and	a0,a0,a2
4000016c:	00010593          	addi	a1,sp,0
40000170:	06050263          	beq	a0,zero,400001d4 <_exception>
40000174:	4bc000ef          	jal	ra,40000630 <irq_handler>

40000178 <_restore>:
40000178:	01012503          	lw	a0,16(sp)
4000017c:	01412583          	lw	a1,20(sp)

40000180 <_restore_exception>:
40000180:	00012083          	lw	ra,0(sp)
40000184:	00412283          	lw	t0,4(sp)
40000188:	00812303          	lw	t1,8(sp)
4000018c:	00c12383          	lw	t2,12(sp)
40000190:	01812603          	lw	a2,24(sp)
40000194:	01c12683          	lw	a3,28(sp)
40000198:	02012703          	lw	a4,32(sp)
4000019c:	02412783          	lw	a5,36(sp)
400001a0:	02812803          	lw	a6,40(sp)
400001a4:	02c12883          	lw	a7,44(sp)
400001a8:	03012e03          	lw	t3,48(sp)
400001ac:	03412e83          	lw	t4,52(sp)
400001b0:	03812f03          	lw	t5,56(sp)
400001b4:	03c12f83          	lw	t6,60(sp)
400001b8:	04410113          	addi	sp,sp,68
400001bc:	00106d93          	ori	s11,zero,1
400001c0:	f0000d37          	lui	s10,0xf0000
400001c4:	030d0d13          	addi	s10,s10,48 # f0000030 <_stack+0xa0000034>
400001c8:	01bd2023          	sw	s11,0(s10)
400001cc:	ffc12d03          	lw	s10,-4(sp)
400001d0:	000d0067          	jalr	zero,0(s10)

400001d4 <_exception>:
400001d4:	00088513          	addi	a0,a7,0
400001d8:	01412583          	lw	a1,20(sp)
400001dc:	01812603          	lw	a2,24(sp)
400001e0:	01c12683          	lw	a3,28(sp)
400001e4:	49c000ef          	jal	ra,40000680 <exception_handler>
400001e8:	f99ff06f          	jal	zero,40000180 <_restore_exception>

400001ec <_interrupt_set>:
400001ec:	f00005b7          	lui	a1,0xf0000
400001f0:	03058593          	addi	a1,a1,48 # f0000030 <_stack+0xa0000034>
400001f4:	0005a603          	lw	a2,0(a1)
400001f8:	00a5a023          	sw	a0,0(a1)
400001fc:	00060513          	addi	a0,a2,0
40000200:	00008067          	jalr	zero,0(ra)

40000204 <setjmp>:
40000204:	00852023          	sw	s0,0(a0)
40000208:	00952223          	sw	s1,4(a0)
4000020c:	01252423          	sw	s2,8(a0)
40000210:	01352623          	sw	s3,12(a0)
40000214:	01452823          	sw	s4,16(a0)
40000218:	01552a23          	sw	s5,20(a0)
4000021c:	01652c23          	sw	s6,24(a0)
40000220:	01752e23          	sw	s7,28(a0)
40000224:	03852023          	sw	s8,32(a0)
40000228:	03952223          	sw	s9,36(a0)
4000022c:	02452623          	sw	tp,44(a0)
40000230:	02252823          	sw	sp,48(a0)
40000234:	02152a23          	sw	ra,52(a0)
40000238:	00006513          	ori	a0,zero,0
4000023c:	00008067          	jalr	zero,0(ra)

40000240 <longjmp>:
40000240:	00052403          	lw	s0,0(a0)
40000244:	00452483          	lw	s1,4(a0)
40000248:	00852903          	lw	s2,8(a0)
4000024c:	00c52983          	lw	s3,12(a0)
40000250:	01052a03          	lw	s4,16(a0)
40000254:	01452a83          	lw	s5,20(a0)
40000258:	01852b03          	lw	s6,24(a0)
4000025c:	01c52b83          	lw	s7,28(a0)
40000260:	02052c03          	lw	s8,32(a0)
40000264:	02452c83          	lw	s9,36(a0)
40000268:	02c52203          	lw	tp,44(a0)
4000026c:	03052103          	lw	sp,48(a0)
40000270:	03452083          	lw	ra,52(a0)
40000274:	0005e513          	ori	a0,a1,0
40000278:	00008067          	jalr	zero,0(ra)

4000027c <syscall>:
4000027c:	00050893          	addi	a7,a0,0
40000280:	00000073          	ecall
40000284:	00008067          	jalr	zero,0(ra)

40000288 <bubbleSort>:
40000288:	fff58793          	addi	a5,a1,-1
4000028c:	04f05063          	bge	zero,a5,400002cc <bubbleSort+0x44>
40000290:	00259613          	slli	a2,a1,0x2
40000294:	00c50633          	add	a2,a0,a2
40000298:	00078593          	addi	a1,a5,0
4000029c:	00450513          	addi	a0,a0,4
400002a0:	00050793          	addi	a5,a0,0
400002a4:	ffc7a703          	lw	a4,-4(a5)
400002a8:	0007a683          	lw	a3,0(a5)
400002ac:	00e6d663          	bge	a3,a4,400002b8 <bubbleSort+0x30>
400002b0:	fed7ae23          	sw	a3,-4(a5)
400002b4:	00e7a023          	sw	a4,0(a5)
400002b8:	00478793          	addi	a5,a5,4
400002bc:	fef614e3          	bne	a2,a5,400002a4 <bubbleSort+0x1c>
400002c0:	fff58593          	addi	a1,a1,-1
400002c4:	ffc60613          	addi	a2,a2,-4
400002c8:	fc059ce3          	bne	a1,zero,400002a0 <bubbleSort+0x18>
400002cc:	00008067          	jalr	zero,0(ra)

400002d0 <printArray>:
400002d0:	04b05e63          	bge	zero,a1,4000032c <printArray+0x5c>
400002d4:	ff010113          	addi	sp,sp,-16
400002d8:	00259593          	slli	a1,a1,0x2
400002dc:	00812423          	sw	s0,8(sp)
400002e0:	00912223          	sw	s1,4(sp)
400002e4:	01212023          	sw	s2,0(sp)
400002e8:	00112623          	sw	ra,12(sp)
400002ec:	00050413          	addi	s0,a0,0
400002f0:	00b504b3          	add	s1,a0,a1
400002f4:	40001937          	lui	s2,0x40001
400002f8:	00042583          	lw	a1,0(s0)
400002fc:	bf890513          	addi	a0,s2,-1032 # 40000bf8 <_etext+0x1c>
40000300:	00440413          	addi	s0,s0,4
40000304:	7d4000ef          	jal	ra,40000ad8 <printf>
40000308:	fe9418e3          	bne	s0,s1,400002f8 <printArray+0x28>
4000030c:	00812403          	lw	s0,8(sp)
40000310:	00c12083          	lw	ra,12(sp)
40000314:	00412483          	lw	s1,4(sp)
40000318:	00012903          	lw	s2,0(sp)
4000031c:	40001537          	lui	a0,0x40001
40000320:	bfc50513          	addi	a0,a0,-1028 # 40000bfc <_etext+0x20>
40000324:	01010113          	addi	sp,sp,16
40000328:	7b00006f          	jal	zero,40000ad8 <printf>
4000032c:	40001537          	lui	a0,0x40001
40000330:	bfc50513          	addi	a0,a0,-1028 # 40000bfc <_etext+0x20>
40000334:	7a40006f          	jal	zero,40000ad8 <printf>

40000338 <main>:
40000338:	400017b7          	lui	a5,0x40001
4000033c:	bdc78793          	addi	a5,a5,-1060 # 40000bdc <_etext>
40000340:	0007a303          	lw	t1,0(a5)
40000344:	0047a883          	lw	a7,4(a5)
40000348:	0087a803          	lw	a6,8(a5)
4000034c:	00c7a603          	lw	a2,12(a5)
40000350:	0107a683          	lw	a3,16(a5)
40000354:	0147a703          	lw	a4,20(a5)
40000358:	0187a783          	lw	a5,24(a5)
4000035c:	fd010113          	addi	sp,sp,-48
40000360:	00700593          	addi	a1,zero,7
40000364:	00410513          	addi	a0,sp,4
40000368:	02112623          	sw	ra,44(sp)
4000036c:	00612223          	sw	t1,4(sp)
40000370:	01112423          	sw	a7,8(sp)
40000374:	01012623          	sw	a6,12(sp)
40000378:	00c12823          	sw	a2,16(sp)
4000037c:	00d12a23          	sw	a3,20(sp)
40000380:	00e12c23          	sw	a4,24(sp)
40000384:	00f12e23          	sw	a5,28(sp)
40000388:	f01ff0ef          	jal	ra,40000288 <bubbleSort>
4000038c:	40001537          	lui	a0,0x40001
40000390:	c0050513          	addi	a0,a0,-1024 # 40000c00 <_etext+0x24>
40000394:	744000ef          	jal	ra,40000ad8 <printf>
40000398:	00410513          	addi	a0,sp,4
4000039c:	00700593          	addi	a1,zero,7
400003a0:	f31ff0ef          	jal	ra,400002d0 <printArray>
400003a4:	02c12083          	lw	ra,44(sp)
400003a8:	00000513          	addi	a0,zero,0
400003ac:	03010113          	addi	sp,sp,48
400003b0:	00008067          	jalr	zero,0(ra)

400003b4 <dummy_handler>:
400003b4:	40001537          	lui	a0,0x40001
400003b8:	c1050513          	addi	a0,a0,-1008 # 40000c10 <_etext+0x34>
400003bc:	71c0006f          	jal	zero,40000ad8 <printf>

400003c0 <irq0_handler>:
400003c0:	e10007b7          	lui	a5,0xe1000
400003c4:	fd010113          	addi	sp,sp,-48
400003c8:	4007a783          	lw	a5,1024(a5) # e1000400 <_stack+0x91000404>
400003cc:	01412c23          	sw	s4,24(sp)
400003d0:	01512a23          	sw	s5,20(sp)
400003d4:	40001a37          	lui	s4,0x40001
400003d8:	40001ab7          	lui	s5,0x40001
400003dc:	03212023          	sw	s2,32(sp)
400003e0:	01312e23          	sw	s3,28(sp)
400003e4:	02112623          	sw	ra,44(sp)
400003e8:	02812423          	sw	s0,40(sp)
400003ec:	02912223          	sw	s1,36(sp)
400003f0:	01612823          	sw	s6,16(sp)
400003f4:	01712623          	sw	s7,12(sp)
400003f8:	01812423          	sw	s8,8(sp)
400003fc:	01912223          	sw	s9,4(sp)
40000400:	02000993          	addi	s3,zero,32
40000404:	00100913          	addi	s2,zero,1
40000408:	dc0a0a13          	addi	s4,s4,-576 # 40000dc0 <timer_vector>
4000040c:	d90a8a93          	addi	s5,s5,-624 # 40000d90 <gpio_vector>
40000410:	e10007b7          	lui	a5,0xe1000
40000414:	4007a703          	lw	a4,1024(a5) # e1000400 <_stack+0x91000404>
40000418:	00191913          	slli	s2,s2,0x1
4000041c:	04070c63          	beq	a4,zero,40000474 <irq0_handler+0xb4>
40000420:	fff98993          	addi	s3,s3,-1
40000424:	04098863          	beq	s3,zero,40000474 <irq0_handler+0xb4>
40000428:	4007a783          	lw	a5,1024(a5)
4000042c:	02000713          	addi	a4,zero,32
40000430:	0127f7b3          	and	a5,a5,s2
40000434:	00f76e63          	bltu	a4,a5,40000450 <irq0_handler+0x90>
40000438:	40001737          	lui	a4,0x40001
4000043c:	00279793          	slli	a5,a5,0x2
40000440:	c4070713          	addi	a4,a4,-960 # 40000c40 <_etext+0x64>
40000444:	00e787b3          	add	a5,a5,a4
40000448:	0007a783          	lw	a5,0(a5)
4000044c:	00078067          	jalr	zero,0(a5)
40000450:	e10007b7          	lui	a5,0xe1000
40000454:	4007a583          	lw	a1,1024(a5) # e1000400 <_stack+0x91000404>
40000458:	40001537          	lui	a0,0x40001
4000045c:	c1850513          	addi	a0,a0,-1000 # 40000c18 <_etext+0x3c>
40000460:	678000ef          	jal	ra,40000ad8 <printf>
40000464:	e10007b7          	lui	a5,0xe1000
40000468:	4007a703          	lw	a4,1024(a5) # e1000400 <_stack+0x91000404>
4000046c:	00191913          	slli	s2,s2,0x1
40000470:	fa0718e3          	bne	a4,zero,40000420 <irq0_handler+0x60>
40000474:	02c12083          	lw	ra,44(sp)
40000478:	02812403          	lw	s0,40(sp)
4000047c:	02412483          	lw	s1,36(sp)
40000480:	02012903          	lw	s2,32(sp)
40000484:	01c12983          	lw	s3,28(sp)
40000488:	01812a03          	lw	s4,24(sp)
4000048c:	01412a83          	lw	s5,20(sp)
40000490:	01012b03          	lw	s6,16(sp)
40000494:	00c12b83          	lw	s7,12(sp)
40000498:	00812c03          	lw	s8,8(sp)
4000049c:	00412c83          	lw	s9,4(sp)
400004a0:	03010113          	addi	sp,sp,48
400004a4:	00008067          	jalr	zero,0(ra)
400004a8:	e10217b7          	lui	a5,0xe1021
400004ac:	e1020737          	lui	a4,0xe1020
400004b0:	40072403          	lw	s0,1024(a4) # e1020400 <_stack+0x91020404>
400004b4:	8007a703          	lw	a4,-2048(a5) # e1020800 <_stack+0x91020804>
400004b8:	c007a783          	lw	a5,-1024(a5)
400004bc:	00000493          	addi	s1,zero,0
400004c0:	00e44433          	xor	s0,s0,a4
400004c4:	00f47433          	and	s0,s0,a5
400004c8:	e1021bb7          	lui	s7,0xe1021
400004cc:	00100b13          	addi	s6,zero,1
400004d0:	00147793          	andi	a5,s0,1
400004d4:	02078263          	beq	a5,zero,400004f8 <irq0_handler+0x138>
400004d8:	800ba683          	lw	a3,-2048(s7) # e1020800 <_stack+0x91020804>
400004dc:	00249713          	slli	a4,s1,0x2
400004e0:	00ea0733          	add	a4,s4,a4
400004e4:	00072703          	lw	a4,0(a4)
400004e8:	009b17b3          	sll	a5,s6,s1
400004ec:	00d7c7b3          	xor	a5,a5,a3
400004f0:	80fba023          	sw	a5,-2048(s7)
400004f4:	000700e7          	jalr	ra,0(a4)
400004f8:	00145413          	srli	s0,s0,0x1
400004fc:	00148493          	addi	s1,s1,1
40000500:	fc0418e3          	bne	s0,zero,400004d0 <irq0_handler+0x110>
40000504:	f0dff06f          	jal	zero,40000410 <irq0_handler+0x50>
40000508:	e10117b7          	lui	a5,0xe1011
4000050c:	e1010737          	lui	a4,0xe1010
40000510:	40072403          	lw	s0,1024(a4) # e1010400 <_stack+0x91010404>
40000514:	8007a703          	lw	a4,-2048(a5) # e1010800 <_stack+0x91010804>
40000518:	c007a783          	lw	a5,-1024(a5)
4000051c:	00000c93          	addi	s9,zero,0
40000520:	00e44433          	xor	s0,s0,a4
40000524:	00f47433          	and	s0,s0,a5
40000528:	00200c13          	addi	s8,zero,2
4000052c:	e1015bb7          	lui	s7,0xe1015
40000530:	00300b13          	addi	s6,zero,3
40000534:	e10144b7          	lui	s1,0xe1014
40000538:	00147793          	andi	a5,s0,1
4000053c:	04078063          	beq	a5,zero,4000057c <irq0_handler+0x1bc>
40000540:	078c8a63          	beq	s9,s8,400005b4 <irq0_handler+0x1f4>
40000544:	059c6463          	bltu	s8,s9,4000058c <irq0_handler+0x1cc>
40000548:	080c8863          	beq	s9,zero,400005d8 <irq0_handler+0x218>
4000054c:	4204a783          	lw	a5,1056(s1) # e1014420 <_stack+0x91014424>
40000550:	4304a603          	lw	a2,1072(s1)
40000554:	4404a683          	lw	a3,1088(s1)
40000558:	4304a703          	lw	a4,1072(s1)
4000055c:	00c7c7b3          	xor	a5,a5,a2
40000560:	00d7f7b3          	and	a5,a5,a3
40000564:	00e7c7b3          	xor	a5,a5,a4
40000568:	42f4a823          	sw	a5,1072(s1)
4000056c:	002c9793          	slli	a5,s9,0x2
40000570:	00fa87b3          	add	a5,s5,a5
40000574:	0007a783          	lw	a5,0(a5)
40000578:	000780e7          	jalr	ra,0(a5)
4000057c:	00145413          	srli	s0,s0,0x1
40000580:	001c8c93          	addi	s9,s9,1
40000584:	fa041ae3          	bne	s0,zero,40000538 <irq0_handler+0x178>
40000588:	e89ff06f          	jal	zero,40000410 <irq0_handler+0x50>
4000058c:	ff6c90e3          	bne	s9,s6,4000056c <irq0_handler+0x1ac>
40000590:	c20ba783          	lw	a5,-992(s7) # e1014c20 <_stack+0x91014c24>
40000594:	c30ba603          	lw	a2,-976(s7)
40000598:	c40ba683          	lw	a3,-960(s7)
4000059c:	c30ba703          	lw	a4,-976(s7)
400005a0:	00c7c7b3          	xor	a5,a5,a2
400005a4:	00d7f7b3          	and	a5,a5,a3
400005a8:	00e7c7b3          	xor	a5,a5,a4
400005ac:	c2fba823          	sw	a5,-976(s7)
400005b0:	fbdff06f          	jal	zero,4000056c <irq0_handler+0x1ac>
400005b4:	820ba783          	lw	a5,-2016(s7)
400005b8:	830ba603          	lw	a2,-2000(s7)
400005bc:	840ba683          	lw	a3,-1984(s7)
400005c0:	830ba703          	lw	a4,-2000(s7)
400005c4:	00c7c7b3          	xor	a5,a5,a2
400005c8:	00d7f7b3          	and	a5,a5,a3
400005cc:	00e7c7b3          	xor	a5,a5,a4
400005d0:	82fba823          	sw	a5,-2000(s7)
400005d4:	f99ff06f          	jal	zero,4000056c <irq0_handler+0x1ac>
400005d8:	0204a783          	lw	a5,32(s1)
400005dc:	0304a603          	lw	a2,48(s1)
400005e0:	0404a683          	lw	a3,64(s1)
400005e4:	0304a703          	lw	a4,48(s1)
400005e8:	00c7c7b3          	xor	a5,a5,a2
400005ec:	00d7f7b3          	and	a5,a5,a3
400005f0:	00e7c7b3          	xor	a5,a5,a4
400005f4:	02f4a823          	sw	a5,48(s1)
400005f8:	f75ff06f          	jal	zero,4000056c <irq0_handler+0x1ac>

400005fc <irq_enable>:
400005fc:	e10347b7          	lui	a5,0xe1034
40000600:	1b200713          	addi	a4,zero,434
40000604:	00e7a823          	sw	a4,16(a5) # e1034010 <_stack+0x91034014>
40000608:	0007a023          	sw	zero,0(a5)
4000060c:	e1004637          	lui	a2,0xe1004
40000610:	00062783          	lw	a5,0(a2) # e1004000 <_stack+0x91004004>
40000614:	f0000737          	lui	a4,0xf0000
40000618:	00100693          	addi	a3,zero,1
4000061c:	1507e793          	ori	a5,a5,336
40000620:	00f62023          	sw	a5,0(a2)
40000624:	02d72023          	sw	a3,32(a4) # f0000020 <_stack+0xa0000024>
40000628:	02d72823          	sw	a3,48(a4)
4000062c:	00008067          	jalr	zero,0(ra)

40000630 <irq_handler>:
40000630:	ff010113          	addi	sp,sp,-16
40000634:	00912223          	sw	s1,4(sp)
40000638:	400014b7          	lui	s1,0x40001
4000063c:	00812423          	sw	s0,8(sp)
40000640:	00112623          	sw	ra,12(sp)
40000644:	00050413          	addi	s0,a0,0
40000648:	da048493          	addi	s1,s1,-608 # 40000da0 <irq_vector>
4000064c:	00147793          	andi	a5,s0,1
40000650:	00145413          	srli	s0,s0,0x1
40000654:	00078863          	beq	a5,zero,40000664 <irq_handler+0x34>
40000658:	0004a783          	lw	a5,0(s1)
4000065c:	00078463          	beq	a5,zero,40000664 <irq_handler+0x34>
40000660:	000780e7          	jalr	ra,0(a5)
40000664:	00448493          	addi	s1,s1,4
40000668:	fe0412e3          	bne	s0,zero,4000064c <irq_handler+0x1c>
4000066c:	00c12083          	lw	ra,12(sp)
40000670:	00812403          	lw	s0,8(sp)
40000674:	00412483          	lw	s1,4(sp)
40000678:	01010113          	addi	sp,sp,16
4000067c:	00008067          	jalr	zero,0(ra)

40000680 <exception_handler>:
40000680:	00068713          	addi	a4,a3,0
40000684:	00060693          	addi	a3,a2,0
40000688:	00058613          	addi	a2,a1,0
4000068c:	00050593          	addi	a1,a0,0
40000690:	40001537          	lui	a0,0x40001
40000694:	ff010113          	addi	sp,sp,-16
40000698:	cc450513          	addi	a0,a0,-828 # 40000cc4 <_etext+0xe8>
4000069c:	00112623          	sw	ra,12(sp)
400006a0:	438000ef          	jal	ra,40000ad8 <printf>
400006a4:	00c12083          	lw	ra,12(sp)
400006a8:	fff00513          	addi	a0,zero,-1
400006ac:	01010113          	addi	sp,sp,16
400006b0:	00008067          	jalr	zero,0(ra)

400006b4 <printchar.part.0>:
400006b4:	e1030737          	lui	a4,0xe1030
400006b8:	40072783          	lw	a5,1024(a4) # e1030400 <_stack+0x91030404>
400006bc:	0027f793          	andi	a5,a5,2
400006c0:	fe079ce3          	bne	a5,zero,400006b8 <printchar.part.0+0x4>
400006c4:	e10347b7          	lui	a5,0xe1034
400006c8:	00a7a023          	sw	a0,0(a5) # e1034000 <_stack+0x91034004>
400006cc:	00008067          	jalr	zero,0(ra)

400006d0 <vsprintf>:
400006d0:	fb010113          	addi	sp,sp,-80
400006d4:	04812423          	sw	s0,72(sp)
400006d8:	04112623          	sw	ra,76(sp)
400006dc:	04912223          	sw	s1,68(sp)
400006e0:	05212023          	sw	s2,64(sp)
400006e4:	03312e23          	sw	s3,60(sp)
400006e8:	03412c23          	sw	s4,56(sp)
400006ec:	03512a23          	sw	s5,52(sp)
400006f0:	03612823          	sw	s6,48(sp)
400006f4:	03712623          	sw	s7,44(sp)
400006f8:	03812423          	sw	s8,40(sp)
400006fc:	03912223          	sw	s9,36(sp)
40000700:	0005c783          	lbu	a5,0(a1)
40000704:	00c12223          	sw	a2,4(sp)
40000708:	00050413          	addi	s0,a0,0
4000070c:	26078c63          	beq	a5,zero,40000984 <vsprintf+0x2b4>
40000710:	40001b37          	lui	s6,0x40001
40000714:	d0cb0713          	addi	a4,s6,-756 # 40000d0c <_etext+0x130>
40000718:	40001ab7          	lui	s5,0x40001
4000071c:	00e12623          	sw	a4,12(sp)
40000720:	cf8a8713          	addi	a4,s5,-776 # 40000cf8 <_etext+0x11c>
40000724:	00058913          	addi	s2,a1,0
40000728:	00e12423          	sw	a4,8(sp)
4000072c:	01010993          	addi	s3,sp,16
40000730:	0300006f          	jal	zero,40000760 <vsprintf+0x90>
40000734:	30040c63          	beq	s0,zero,40000a4c <vsprintf+0x37c>
40000738:	00042683          	lw	a3,0(s0)
4000073c:	000c0713          	addi	a4,s8,0
40000740:	00090c13          	addi	s8,s2,0
40000744:	00f68023          	sb	a5,0(a3)
40000748:	00042783          	lw	a5,0(s0)
4000074c:	00070913          	addi	s2,a4,0
40000750:	00178793          	addi	a5,a5,1
40000754:	00f42023          	sw	a5,0(s0)
40000758:	001c4783          	lbu	a5,1(s8)
4000075c:	22078463          	beq	a5,zero,40000984 <vsprintf+0x2b4>
40000760:	02500713          	addi	a4,zero,37
40000764:	00190c13          	addi	s8,s2,1
40000768:	fce796e3          	bne	a5,a4,40000734 <vsprintf+0x64>
4000076c:	00194783          	lbu	a5,1(s2)
40000770:	03000713          	addi	a4,zero,48
40000774:	02000a93          	addi	s5,zero,32
40000778:	00e79863          	bne	a5,a4,40000788 <vsprintf+0xb8>
4000077c:	00294783          	lbu	a5,2(s2)
40000780:	00290c13          	addi	s8,s2,2
40000784:	03000a93          	addi	s5,zero,48
40000788:	fd078713          	addi	a4,a5,-48
4000078c:	0ff77713          	andi	a4,a4,255
40000790:	00900593          	addi	a1,zero,9
40000794:	fff00b13          	addi	s6,zero,-1
40000798:	2ce5f663          	bgeu	a1,a4,40000a64 <vsprintf+0x394>
4000079c:	06c00713          	addi	a4,zero,108
400007a0:	001c0913          	addi	s2,s8,1
400007a4:	00e79a63          	bne	a5,a4,400007b8 <vsprintf+0xe8>
400007a8:	002c0713          	addi	a4,s8,2
400007ac:	001c4783          	lbu	a5,1(s8)
400007b0:	00090c13          	addi	s8,s2,0
400007b4:	00070913          	addi	s2,a4,0
400007b8:	fa878793          	addi	a5,a5,-88
400007bc:	0ff7f793          	andi	a5,a5,255
400007c0:	02000713          	addi	a4,zero,32
400007c4:	f8f76ae3          	bltu	a4,a5,40000758 <vsprintf+0x88>
400007c8:	00c12703          	lw	a4,12(sp)
400007cc:	00279793          	slli	a5,a5,0x2
400007d0:	00e787b3          	add	a5,a5,a4
400007d4:	0007a783          	lw	a5,0(a5)
400007d8:	00078067          	jalr	zero,0(a5)
400007dc:	00412783          	lw	a5,4(sp)
400007e0:	01000593          	addi	a1,zero,16
400007e4:	0007a483          	lw	s1,0(a5)
400007e8:	00478793          	addi	a5,a5,4
400007ec:	00f12223          	sw	a5,4(sp)
400007f0:	0a049a63          	bne	s1,zero,400008a4 <vsprintf+0x1d4>
400007f4:	03000793          	addi	a5,zero,48
400007f8:	00f10823          	sb	a5,16(sp)
400007fc:	00100793          	addi	a5,zero,1
40000800:	ffeb0c93          	addi	s9,s6,-2
40000804:	03000513          	addi	a0,zero,48
40000808:	0567d463          	bge	a5,s6,40000850 <vsprintf+0x180>
4000080c:	02040463          	beq	s0,zero,40000834 <vsprintf+0x164>
40000810:	00042783          	lw	a5,0(s0)
40000814:	01578023          	sb	s5,0(a5)
40000818:	00042783          	lw	a5,0(s0)
4000081c:	00178793          	addi	a5,a5,1
40000820:	00f42023          	sw	a5,0(s0)
40000824:	fffc8793          	addi	a5,s9,-1
40000828:	01905e63          	bge	zero,s9,40000844 <vsprintf+0x174>
4000082c:	00078c93          	addi	s9,a5,0
40000830:	fe0410e3          	bne	s0,zero,40000810 <vsprintf+0x140>
40000834:	000a8513          	addi	a0,s5,0
40000838:	e7dff0ef          	jal	ra,400006b4 <printchar.part.0>
4000083c:	fffc8793          	addi	a5,s9,-1
40000840:	ff9046e3          	blt	zero,s9,4000082c <vsprintf+0x15c>
40000844:	02010793          	addi	a5,sp,32
40000848:	009787b3          	add	a5,a5,s1
4000084c:	ff07c503          	lbu	a0,-16(a5)
40000850:	009984b3          	add	s1,s3,s1
40000854:	02040663          	beq	s0,zero,40000880 <vsprintf+0x1b0>
40000858:	00042783          	lw	a5,0(s0)
4000085c:	00a78023          	sb	a0,0(a5)
40000860:	00042783          	lw	a5,0(s0)
40000864:	00178793          	addi	a5,a5,1
40000868:	00f42023          	sw	a5,0(s0)
4000086c:	fff48793          	addi	a5,s1,-1
40000870:	ee9984e3          	beq	s3,s1,40000758 <vsprintf+0x88>
40000874:	fff4c503          	lbu	a0,-1(s1)
40000878:	00078493          	addi	s1,a5,0
4000087c:	fc041ee3          	bne	s0,zero,40000858 <vsprintf+0x188>
40000880:	fe0506e3          	beq	a0,zero,4000086c <vsprintf+0x19c>
40000884:	e31ff0ef          	jal	ra,400006b4 <printchar.part.0>
40000888:	fe5ff06f          	jal	zero,4000086c <vsprintf+0x19c>
4000088c:	00412783          	lw	a5,4(sp)
40000890:	00a00593          	addi	a1,zero,10
40000894:	0007a483          	lw	s1,0(a5)
40000898:	00478793          	addi	a5,a5,4
4000089c:	00f12223          	sw	a5,4(sp)
400008a0:	f4048ae3          	beq	s1,zero,400007f4 <vsprintf+0x124>
400008a4:	00058a13          	addi	s4,a1,0
400008a8:	00048c93          	addi	s9,s1,0
400008ac:	00000b93          	addi	s7,zero,0
400008b0:	000a0593          	addi	a1,s4,0
400008b4:	000c8513          	addi	a0,s9,0
400008b8:	268000ef          	jal	ra,40000b20 <__udivsi3>
400008bc:	00050813          	addi	a6,a0,0
400008c0:	000a0593          	addi	a1,s4,0
400008c4:	000c8513          	addi	a0,s9,0
400008c8:	01912023          	sw	s9,0(sp)
400008cc:	00080c93          	addi	s9,a6,0
400008d0:	2b8000ef          	jal	ra,40000b88 <__umodsi3>
400008d4:	00812783          	lw	a5,8(sp)
400008d8:	000b8493          	addi	s1,s7,0
400008dc:	001b8b93          	addi	s7,s7,1
400008e0:	00a78533          	add	a0,a5,a0
400008e4:	00054503          	lbu	a0,0(a0)
400008e8:	00012783          	lw	a5,0(sp)
400008ec:	01798833          	add	a6,s3,s7
400008f0:	fea80fa3          	sb	a0,-1(a6)
400008f4:	fb47fee3          	bgeu	a5,s4,400008b0 <vsprintf+0x1e0>
400008f8:	417b0733          	sub	a4,s6,s7
400008fc:	fff70c93          	addi	s9,a4,-1
40000900:	f0e046e3          	blt	zero,a4,4000080c <vsprintf+0x13c>
40000904:	009984b3          	add	s1,s3,s1
40000908:	f4dff06f          	jal	zero,40000854 <vsprintf+0x184>
4000090c:	00412783          	lw	a5,4(sp)
40000910:	00a00593          	addi	a1,zero,10
40000914:	0007a483          	lw	s1,0(a5)
40000918:	00478a13          	addi	s4,a5,4
4000091c:	01412223          	sw	s4,4(sp)
40000920:	ec04d8e3          	bge	s1,zero,400007f0 <vsprintf+0x120>
40000924:	40900cb3          	sub	s9,zero,s1
40000928:	1a040263          	beq	s0,zero,40000acc <vsprintf+0x3fc>
4000092c:	00042703          	lw	a4,0(s0)
40000930:	02d00593          	addi	a1,zero,45
40000934:	00b70023          	sb	a1,0(a4)
40000938:	00042703          	lw	a4,0(s0)
4000093c:	00170713          	addi	a4,a4,1
40000940:	00e42023          	sw	a4,0(s0)
40000944:	01412223          	sw	s4,4(sp)
40000948:	fffb0b13          	addi	s6,s6,-1
4000094c:	00a00a13          	addi	s4,zero,10
40000950:	f5dff06f          	jal	zero,400008ac <vsprintf+0x1dc>
40000954:	00412703          	lw	a4,4(sp)
40000958:	00072783          	lw	a5,0(a4)
4000095c:	00470a13          	addi	s4,a4,4
40000960:	14040263          	beq	s0,zero,40000aa4 <vsprintf+0x3d4>
40000964:	00042703          	lw	a4,0(s0)
40000968:	01412223          	sw	s4,4(sp)
4000096c:	00f70023          	sb	a5,0(a4)
40000970:	00042783          	lw	a5,0(s0)
40000974:	00178793          	addi	a5,a5,1
40000978:	00f42023          	sw	a5,0(s0)
4000097c:	001c4783          	lbu	a5,1(s8)
40000980:	de0790e3          	bne	a5,zero,40000760 <vsprintf+0x90>
40000984:	00040c63          	beq	s0,zero,4000099c <vsprintf+0x2cc>
40000988:	00042783          	lw	a5,0(s0)
4000098c:	00078023          	sb	zero,0(a5)
40000990:	00042783          	lw	a5,0(s0)
40000994:	00178793          	addi	a5,a5,1
40000998:	00f42023          	sw	a5,0(s0)
4000099c:	04c12083          	lw	ra,76(sp)
400009a0:	04812403          	lw	s0,72(sp)
400009a4:	04412483          	lw	s1,68(sp)
400009a8:	04012903          	lw	s2,64(sp)
400009ac:	03c12983          	lw	s3,60(sp)
400009b0:	03812a03          	lw	s4,56(sp)
400009b4:	03412a83          	lw	s5,52(sp)
400009b8:	03012b03          	lw	s6,48(sp)
400009bc:	02c12b83          	lw	s7,44(sp)
400009c0:	02812c03          	lw	s8,40(sp)
400009c4:	02412c83          	lw	s9,36(sp)
400009c8:	00000513          	addi	a0,zero,0
400009cc:	05010113          	addi	sp,sp,80
400009d0:	00008067          	jalr	zero,0(ra)
400009d4:	00412783          	lw	a5,4(sp)
400009d8:	0007a483          	lw	s1,0(a5)
400009dc:	00478a13          	addi	s4,a5,4
400009e0:	0a048a63          	beq	s1,zero,40000a94 <vsprintf+0x3c4>
400009e4:	0004c503          	lbu	a0,0(s1)
400009e8:	02050863          	beq	a0,zero,40000a18 <vsprintf+0x348>
400009ec:	040b0c63          	beq	s6,zero,40000a44 <vsprintf+0x374>
400009f0:	0c040463          	beq	s0,zero,40000ab8 <vsprintf+0x3e8>
400009f4:	00042783          	lw	a5,0(s0)
400009f8:	00a78023          	sb	a0,0(a5)
400009fc:	00042783          	lw	a5,0(s0)
40000a00:	00178793          	addi	a5,a5,1
40000a04:	00f42023          	sw	a5,0(s0)
40000a08:	0014c503          	lbu	a0,1(s1)
40000a0c:	fffb0b13          	addi	s6,s6,-1
40000a10:	00148493          	addi	s1,s1,1
40000a14:	fc051ce3          	bne	a0,zero,400009ec <vsprintf+0x31c>
40000a18:	fffb0493          	addi	s1,s6,-1
40000a1c:	fff00c93          	addi	s9,zero,-1
40000a20:	03605263          	bge	zero,s6,40000a44 <vsprintf+0x374>
40000a24:	08040e63          	beq	s0,zero,40000ac0 <vsprintf+0x3f0>
40000a28:	00042783          	lw	a5,0(s0)
40000a2c:	01578023          	sb	s5,0(a5)
40000a30:	00042783          	lw	a5,0(s0)
40000a34:	00178793          	addi	a5,a5,1
40000a38:	00f42023          	sw	a5,0(s0)
40000a3c:	fff48493          	addi	s1,s1,-1
40000a40:	ff9492e3          	bne	s1,s9,40000a24 <vsprintf+0x354>
40000a44:	01412223          	sw	s4,4(sp)
40000a48:	d11ff06f          	jal	zero,40000758 <vsprintf+0x88>
40000a4c:	00078513          	addi	a0,a5,0
40000a50:	c65ff0ef          	jal	ra,400006b4 <printchar.part.0>
40000a54:	000c0793          	addi	a5,s8,0
40000a58:	00090c13          	addi	s8,s2,0
40000a5c:	00078913          	addi	s2,a5,0
40000a60:	cf9ff06f          	jal	zero,40000758 <vsprintf+0x88>
40000a64:	00000b13          	addi	s6,zero,0
40000a68:	002b1713          	slli	a4,s6,0x2
40000a6c:	01670733          	add	a4,a4,s6
40000a70:	001c0c13          	addi	s8,s8,1
40000a74:	00171713          	slli	a4,a4,0x1
40000a78:	00f70733          	add	a4,a4,a5
40000a7c:	000c4783          	lbu	a5,0(s8)
40000a80:	fd070b13          	addi	s6,a4,-48
40000a84:	fd078713          	addi	a4,a5,-48
40000a88:	0ff77713          	andi	a4,a4,255
40000a8c:	fce5fee3          	bgeu	a1,a4,40000a68 <vsprintf+0x398>
40000a90:	d0dff06f          	jal	zero,4000079c <vsprintf+0xcc>
40000a94:	400017b7          	lui	a5,0x40001
40000a98:	03c00513          	addi	a0,zero,60
40000a9c:	cf078493          	addi	s1,a5,-784 # 40000cf0 <_etext+0x114>
40000aa0:	f4dff06f          	jal	zero,400009ec <vsprintf+0x31c>
40000aa4:	0ff7f513          	andi	a0,a5,255
40000aa8:	01412223          	sw	s4,4(sp)
40000aac:	ca0506e3          	beq	a0,zero,40000758 <vsprintf+0x88>
40000ab0:	c05ff0ef          	jal	ra,400006b4 <printchar.part.0>
40000ab4:	ca5ff06f          	jal	zero,40000758 <vsprintf+0x88>
40000ab8:	bfdff0ef          	jal	ra,400006b4 <printchar.part.0>
40000abc:	f4dff06f          	jal	zero,40000a08 <vsprintf+0x338>
40000ac0:	000a8513          	addi	a0,s5,0
40000ac4:	bf1ff0ef          	jal	ra,400006b4 <printchar.part.0>
40000ac8:	f75ff06f          	jal	zero,40000a3c <vsprintf+0x36c>
40000acc:	02d00513          	addi	a0,zero,45
40000ad0:	be5ff0ef          	jal	ra,400006b4 <printchar.part.0>
40000ad4:	e71ff06f          	jal	zero,40000944 <vsprintf+0x274>

40000ad8 <printf>:
40000ad8:	fc010113          	addi	sp,sp,-64
40000adc:	02410313          	addi	t1,sp,36
40000ae0:	02b12223          	sw	a1,36(sp)
40000ae4:	02c12423          	sw	a2,40(sp)
40000ae8:	00050593          	addi	a1,a0,0
40000aec:	00030613          	addi	a2,t1,0
40000af0:	00000513          	addi	a0,zero,0
40000af4:	00112e23          	sw	ra,28(sp)
40000af8:	02d12623          	sw	a3,44(sp)
40000afc:	02e12823          	sw	a4,48(sp)
40000b00:	02f12a23          	sw	a5,52(sp)
40000b04:	03012c23          	sw	a6,56(sp)
40000b08:	03112e23          	sw	a7,60(sp)
40000b0c:	00612623          	sw	t1,12(sp)
40000b10:	bc1ff0ef          	jal	ra,400006d0 <vsprintf>
40000b14:	01c12083          	lw	ra,28(sp)
40000b18:	04010113          	addi	sp,sp,64
40000b1c:	00008067          	jalr	zero,0(ra)

40000b20 <__udivsi3>:
40000b20:	00050713          	addi	a4,a0,0
40000b24:	04a5fc63          	bgeu	a1,a0,40000b7c <__udivsi3+0x5c>
40000b28:	0405ca63          	blt	a1,zero,40000b7c <__udivsi3+0x5c>
40000b2c:	02000513          	addi	a0,zero,32
40000b30:	00100793          	addi	a5,zero,1
40000b34:	00c0006f          	jal	zero,40000b40 <__udivsi3+0x20>
40000b38:	02050c63          	beq	a0,zero,40000b70 <__udivsi3+0x50>
40000b3c:	0005cc63          	blt	a1,zero,40000b54 <__udivsi3+0x34>
40000b40:	00159593          	slli	a1,a1,0x1
40000b44:	fff50513          	addi	a0,a0,-1
40000b48:	00179793          	slli	a5,a5,0x1
40000b4c:	fee5e6e3          	bltu	a1,a4,40000b38 <__udivsi3+0x18>
40000b50:	02078263          	beq	a5,zero,40000b74 <__udivsi3+0x54>
40000b54:	00000513          	addi	a0,zero,0
40000b58:	00b76663          	bltu	a4,a1,40000b64 <__udivsi3+0x44>
40000b5c:	40b70733          	sub	a4,a4,a1
40000b60:	00f56533          	or	a0,a0,a5
40000b64:	0017d793          	srli	a5,a5,0x1
40000b68:	0015d593          	srli	a1,a1,0x1
40000b6c:	fe0796e3          	bne	a5,zero,40000b58 <__udivsi3+0x38>
40000b70:	00008067          	jalr	zero,0(ra)
40000b74:	00000513          	addi	a0,zero,0
40000b78:	00008067          	jalr	zero,0(ra)
40000b7c:	00100793          	addi	a5,zero,1
40000b80:	00000513          	addi	a0,zero,0
40000b84:	fd5ff06f          	jal	zero,40000b58 <__udivsi3+0x38>

40000b88 <__umodsi3>:
40000b88:	04a5f663          	bgeu	a1,a0,40000bd4 <__umodsi3+0x4c>
40000b8c:	0405c463          	blt	a1,zero,40000bd4 <__umodsi3+0x4c>
40000b90:	02000713          	addi	a4,zero,32
40000b94:	00100793          	addi	a5,zero,1
40000b98:	00c0006f          	jal	zero,40000ba4 <__umodsi3+0x1c>
40000b9c:	02070863          	beq	a4,zero,40000bcc <__umodsi3+0x44>
40000ba0:	0005cc63          	blt	a1,zero,40000bb8 <__umodsi3+0x30>
40000ba4:	00159593          	slli	a1,a1,0x1
40000ba8:	fff70713          	addi	a4,a4,-1
40000bac:	00179793          	slli	a5,a5,0x1
40000bb0:	fea5e6e3          	bltu	a1,a0,40000b9c <__umodsi3+0x14>
40000bb4:	00078e63          	beq	a5,zero,40000bd0 <__umodsi3+0x48>
40000bb8:	0017d793          	srli	a5,a5,0x1
40000bbc:	00b56463          	bltu	a0,a1,40000bc4 <__umodsi3+0x3c>
40000bc0:	40b50533          	sub	a0,a0,a1
40000bc4:	0015d593          	srli	a1,a1,0x1
40000bc8:	fe0798e3          	bne	a5,zero,40000bb8 <__umodsi3+0x30>
40000bcc:	00008067          	jalr	zero,0(ra)
40000bd0:	00008067          	jalr	zero,0(ra)
40000bd4:	00100793          	addi	a5,zero,1
40000bd8:	fe1ff06f          	jal	zero,40000bb8 <__umodsi3+0x30>
